  main.cpp
  b2GLDraw.cpp
e:\mds work\secondsemester\gd2p02\programs\sfml-box2d-tutorials-master\box2d\debug draw_renderer\visual studio (windows)\sfml & box2d template\sfml template\b2gldraw.cpp(36): warning C4101: 'glVertices': unreferenced local variable
e:\mds work\secondsemester\gd2p02\programs\sfml-box2d-tutorials-master\box2d\debug draw_renderer\visual studio (windows)\sfml & box2d template\sfml template\b2gldraw.cpp(53): warning C4101: 'glVertices': unreferenced local variable
  Generating Code...
Box2D.lib(b2BroadPhase.obj) : warning LNK4099: PDB 'Box2D.pdb' was not found with 'Box2D.lib(b2BroadPhase.obj)' or at 'E:\MDS Work\SecondSemester\GD2P02\programs\SFML-Box2D-Tutorials-master\Box2D\Debug Draw_Renderer\Visual Studio (Windows)\SFML & Box2D Template\Debug\Box2D.pdb'; linking object as if no debug info
Box2D.lib(b2CollideCircle.obj) : warning LNK4099: PDB 'Box2D.pdb' was not found with 'Box2D.lib(b2CollideCircle.obj)' or at 'E:\MDS Work\SecondSemester\GD2P02\programs\SFML-Box2D-Tutorials-master\Box2D\Debug Draw_Renderer\Visual Studio (Windows)\SFML & Box2D Template\Debug\Box2D.pdb'; linking object as if no debug info
Box2D.lib(b2CollideEdge.obj) : warning LNK4099: PDB 'Box2D.pdb' was not found with 'Box2D.lib(b2CollideEdge.obj)' or at 'E:\MDS Work\SecondSemester\GD2P02\programs\SFML-Box2D-Tutorials-master\Box2D\Debug Draw_Renderer\Visual Studio (Windows)\SFML & Box2D Template\Debug\Box2D.pdb'; linking object as if no debug info
Box2D.lib(b2CollidePolygon.obj) : warning LNK4099: PDB 'Box2D.pdb' was not found with 'Box2D.lib(b2CollidePolygon.obj)' or at 'E:\MDS Work\SecondSemester\GD2P02\programs\SFML-Box2D-Tutorials-master\Box2D\Debug Draw_Renderer\Visual Studio (Windows)\SFML & Box2D Template\Debug\Box2D.pdb'; linking object as if no debug info
Box2D.lib(b2Collision.obj) : warning LNK4099: PDB 'Box2D.pdb' was not found with 'Box2D.lib(b2Collision.obj)' or at 'E:\MDS Work\SecondSemester\GD2P02\programs\SFML-Box2D-Tutorials-master\Box2D\Debug Draw_Renderer\Visual Studio (Windows)\SFML & Box2D Template\Debug\Box2D.pdb'; linking object as if no debug info
Box2D.lib(b2Distance.obj) : warning LNK4099: PDB 'Box2D.pdb' was not found with 'Box2D.lib(b2Distance.obj)' or at 'E:\MDS Work\SecondSemester\GD2P02\programs\SFML-Box2D-Tutorials-master\Box2D\Debug Draw_Renderer\Visual Studio (Windows)\SFML & Box2D Template\Debug\Box2D.pdb'; linking object as if no debug info
Box2D.lib(b2DynamicTree.obj) : warning LNK4099: PDB 'Box2D.pdb' was not found with 'Box2D.lib(b2DynamicTree.obj)' or at 'E:\MDS Work\SecondSemester\GD2P02\programs\SFML-Box2D-Tutorials-master\Box2D\Debug Draw_Renderer\Visual Studio (Windows)\SFML & Box2D Template\Debug\Box2D.pdb'; linking object as if no debug info
Box2D.lib(b2TimeOfImpact.obj) : warning LNK4099: PDB 'Box2D.pdb' was not found with 'Box2D.lib(b2TimeOfImpact.obj)' or at 'E:\MDS Work\SecondSemester\GD2P02\programs\SFML-Box2D-Tutorials-master\Box2D\Debug Draw_Renderer\Visual Studio (Windows)\SFML & Box2D Template\Debug\Box2D.pdb'; linking object as if no debug info
Box2D.lib(b2ChainShape.obj) : warning LNK4099: PDB 'Box2D.pdb' was not found with 'Box2D.lib(b2ChainShape.obj)' or at 'E:\MDS Work\SecondSemester\GD2P02\programs\SFML-Box2D-Tutorials-master\Box2D\Debug Draw_Renderer\Visual Studio (Windows)\SFML & Box2D Template\Debug\Box2D.pdb'; linking object as if no debug info
Box2D.lib(b2EdgeShape.obj) : warning LNK4099: PDB 'Box2D.pdb' was not found with 'Box2D.lib(b2EdgeShape.obj)' or at 'E:\MDS Work\SecondSemester\GD2P02\programs\SFML-Box2D-Tutorials-master\Box2D\Debug Draw_Renderer\Visual Studio (Windows)\SFML & Box2D Template\Debug\Box2D.pdb'; linking object as if no debug info
Box2D.lib(b2PolygonShape.obj) : warning LNK4099: PDB 'Box2D.pdb' was not found with 'Box2D.lib(b2PolygonShape.obj)' or at 'E:\MDS Work\SecondSemester\GD2P02\programs\SFML-Box2D-Tutorials-master\Box2D\Debug Draw_Renderer\Visual Studio (Windows)\SFML & Box2D Template\Debug\Box2D.pdb'; linking object as if no debug info
Box2D.lib(b2BlockAllocator.obj) : warning LNK4099: PDB 'Box2D.pdb' was not found with 'Box2D.lib(b2BlockAllocator.obj)' or at 'E:\MDS Work\SecondSemester\GD2P02\programs\SFML-Box2D-Tutorials-master\Box2D\Debug Draw_Renderer\Visual Studio (Windows)\SFML & Box2D Template\Debug\Box2D.pdb'; linking object as if no debug info
Box2D.lib(b2Draw.obj) : warning LNK4099: PDB 'Box2D.pdb' was not found with 'Box2D.lib(b2Draw.obj)' or at 'E:\MDS Work\SecondSemester\GD2P02\programs\SFML-Box2D-Tutorials-master\Box2D\Debug Draw_Renderer\Visual Studio (Windows)\SFML & Box2D Template\Debug\Box2D.pdb'; linking object as if no debug info
Box2D.lib(b2Math.obj) : warning LNK4099: PDB 'Box2D.pdb' was not found with 'Box2D.lib(b2Math.obj)' or at 'E:\MDS Work\SecondSemester\GD2P02\programs\SFML-Box2D-Tutorials-master\Box2D\Debug Draw_Renderer\Visual Studio (Windows)\SFML & Box2D Template\Debug\Box2D.pdb'; linking object as if no debug info
Box2D.lib(b2Settings.obj) : warning LNK4099: PDB 'Box2D.pdb' was not found with 'Box2D.lib(b2Settings.obj)' or at 'E:\MDS Work\SecondSemester\GD2P02\programs\SFML-Box2D-Tutorials-master\Box2D\Debug Draw_Renderer\Visual Studio (Windows)\SFML & Box2D Template\Debug\Box2D.pdb'; linking object as if no debug info
Box2D.lib(b2StackAllocator.obj) : warning LNK4099: PDB 'Box2D.pdb' was not found with 'Box2D.lib(b2StackAllocator.obj)' or at 'E:\MDS Work\SecondSemester\GD2P02\programs\SFML-Box2D-Tutorials-master\Box2D\Debug Draw_Renderer\Visual Studio (Windows)\SFML & Box2D Template\Debug\Box2D.pdb'; linking object as if no debug info
Box2D.lib(b2Timer.obj) : warning LNK4099: PDB 'Box2D.pdb' was not found with 'Box2D.lib(b2Timer.obj)' or at 'E:\MDS Work\SecondSemester\GD2P02\programs\SFML-Box2D-Tutorials-master\Box2D\Debug Draw_Renderer\Visual Studio (Windows)\SFML & Box2D Template\Debug\Box2D.pdb'; linking object as if no debug info
Box2D.lib(b2Body.obj) : warning LNK4099: PDB 'Box2D.pdb' was not found with 'Box2D.lib(b2Body.obj)' or at 'E:\MDS Work\SecondSemester\GD2P02\programs\SFML-Box2D-Tutorials-master\Box2D\Debug Draw_Renderer\Visual Studio (Windows)\SFML & Box2D Template\Debug\Box2D.pdb'; linking object as if no debug info
Box2D.lib(b2ContactManager.obj) : warning LNK4099: PDB 'Box2D.pdb' was not found with 'Box2D.lib(b2ContactManager.obj)' or at 'E:\MDS Work\SecondSemester\GD2P02\programs\SFML-Box2D-Tutorials-master\Box2D\Debug Draw_Renderer\Visual Studio (Windows)\SFML & Box2D Template\Debug\Box2D.pdb'; linking object as if no debug info
Box2D.lib(b2Fixture.obj) : warning LNK4099: PDB 'Box2D.pdb' was not found with 'Box2D.lib(b2Fixture.obj)' or at 'E:\MDS Work\SecondSemester\GD2P02\programs\SFML-Box2D-Tutorials-master\Box2D\Debug Draw_Renderer\Visual Studio (Windows)\SFML & Box2D Template\Debug\Box2D.pdb'; linking object as if no debug info
Box2D.lib(b2Island.obj) : warning LNK4099: PDB 'Box2D.pdb' was not found with 'Box2D.lib(b2Island.obj)' or at 'E:\MDS Work\SecondSemester\GD2P02\programs\SFML-Box2D-Tutorials-master\Box2D\Debug Draw_Renderer\Visual Studio (Windows)\SFML & Box2D Template\Debug\Box2D.pdb'; linking object as if no debug info
Box2D.lib(b2World.obj) : warning LNK4099: PDB 'Box2D.pdb' was not found with 'Box2D.lib(b2World.obj)' or at 'E:\MDS Work\SecondSemester\GD2P02\programs\SFML-Box2D-Tutorials-master\Box2D\Debug Draw_Renderer\Visual Studio (Windows)\SFML & Box2D Template\Debug\Box2D.pdb'; linking object as if no debug info
Box2D.lib(b2WorldCallbacks.obj) : warning LNK4099: PDB 'Box2D.pdb' was not found with 'Box2D.lib(b2WorldCallbacks.obj)' or at 'E:\MDS Work\SecondSemester\GD2P02\programs\SFML-Box2D-Tutorials-master\Box2D\Debug Draw_Renderer\Visual Studio (Windows)\SFML & Box2D Template\Debug\Box2D.pdb'; linking object as if no debug info
Box2D.lib(b2ChainAndCircleContact.obj) : warning LNK4099: PDB 'Box2D.pdb' was not found with 'Box2D.lib(b2ChainAndCircleContact.obj)' or at 'E:\MDS Work\SecondSemester\GD2P02\programs\SFML-Box2D-Tutorials-master\Box2D\Debug Draw_Renderer\Visual Studio (Windows)\SFML & Box2D Template\Debug\Box2D.pdb'; linking object as if no debug info
Box2D.lib(b2ChainAndPolygonContact.obj) : warning LNK4099: PDB 'Box2D.pdb' was not found with 'Box2D.lib(b2ChainAndPolygonContact.obj)' or at 'E:\MDS Work\SecondSemester\GD2P02\programs\SFML-Box2D-Tutorials-master\Box2D\Debug Draw_Renderer\Visual Studio (Windows)\SFML & Box2D Template\Debug\Box2D.pdb'; linking object as if no debug info
Box2D.lib(b2CircleContact.obj) : warning LNK4099: PDB 'Box2D.pdb' was not found with 'Box2D.lib(b2CircleContact.obj)' or at 'E:\MDS Work\SecondSemester\GD2P02\programs\SFML-Box2D-Tutorials-master\Box2D\Debug Draw_Renderer\Visual Studio (Windows)\SFML & Box2D Template\Debug\Box2D.pdb'; linking object as if no debug info
Box2D.lib(b2Contact.obj) : warning LNK4099: PDB 'Box2D.pdb' was not found with 'Box2D.lib(b2Contact.obj)' or at 'E:\MDS Work\SecondSemester\GD2P02\programs\SFML-Box2D-Tutorials-master\Box2D\Debug Draw_Renderer\Visual Studio (Windows)\SFML & Box2D Template\Debug\Box2D.pdb'; linking object as if no debug info
Box2D.lib(b2ContactSolver.obj) : warning LNK4099: PDB 'Box2D.pdb' was not found with 'Box2D.lib(b2ContactSolver.obj)' or at 'E:\MDS Work\SecondSemester\GD2P02\programs\SFML-Box2D-Tutorials-master\Box2D\Debug Draw_Renderer\Visual Studio (Windows)\SFML & Box2D Template\Debug\Box2D.pdb'; linking object as if no debug info
Box2D.lib(b2EdgeAndCircleContact.obj) : warning LNK4099: PDB 'Box2D.pdb' was not found with 'Box2D.lib(b2EdgeAndCircleContact.obj)' or at 'E:\MDS Work\SecondSemester\GD2P02\programs\SFML-Box2D-Tutorials-master\Box2D\Debug Draw_Renderer\Visual Studio (Windows)\SFML & Box2D Template\Debug\Box2D.pdb'; linking object as if no debug info
Box2D.lib(b2EdgeAndPolygonContact.obj) : warning LNK4099: PDB 'Box2D.pdb' was not found with 'Box2D.lib(b2EdgeAndPolygonContact.obj)' or at 'E:\MDS Work\SecondSemester\GD2P02\programs\SFML-Box2D-Tutorials-master\Box2D\Debug Draw_Renderer\Visual Studio (Windows)\SFML & Box2D Template\Debug\Box2D.pdb'; linking object as if no debug info
Box2D.lib(b2PolygonAndCircleContact.obj) : warning LNK4099: PDB 'Box2D.pdb' was not found with 'Box2D.lib(b2PolygonAndCircleContact.obj)' or at 'E:\MDS Work\SecondSemester\GD2P02\programs\SFML-Box2D-Tutorials-master\Box2D\Debug Draw_Renderer\Visual Studio (Windows)\SFML & Box2D Template\Debug\Box2D.pdb'; linking object as if no debug info
Box2D.lib(b2PolygonContact.obj) : warning LNK4099: PDB 'Box2D.pdb' was not found with 'Box2D.lib(b2PolygonContact.obj)' or at 'E:\MDS Work\SecondSemester\GD2P02\programs\SFML-Box2D-Tutorials-master\Box2D\Debug Draw_Renderer\Visual Studio (Windows)\SFML & Box2D Template\Debug\Box2D.pdb'; linking object as if no debug info
Box2D.lib(b2DistanceJoint.obj) : warning LNK4099: PDB 'Box2D.pdb' was not found with 'Box2D.lib(b2DistanceJoint.obj)' or at 'E:\MDS Work\SecondSemester\GD2P02\programs\SFML-Box2D-Tutorials-master\Box2D\Debug Draw_Renderer\Visual Studio (Windows)\SFML & Box2D Template\Debug\Box2D.pdb'; linking object as if no debug info
Box2D.lib(b2FrictionJoint.obj) : warning LNK4099: PDB 'Box2D.pdb' was not found with 'Box2D.lib(b2FrictionJoint.obj)' or at 'E:\MDS Work\SecondSemester\GD2P02\programs\SFML-Box2D-Tutorials-master\Box2D\Debug Draw_Renderer\Visual Studio (Windows)\SFML & Box2D Template\Debug\Box2D.pdb'; linking object as if no debug info
Box2D.lib(b2GearJoint.obj) : warning LNK4099: PDB 'Box2D.pdb' was not found with 'Box2D.lib(b2GearJoint.obj)' or at 'E:\MDS Work\SecondSemester\GD2P02\programs\SFML-Box2D-Tutorials-master\Box2D\Debug Draw_Renderer\Visual Studio (Windows)\SFML & Box2D Template\Debug\Box2D.pdb'; linking object as if no debug info
Box2D.lib(b2Joint.obj) : warning LNK4099: PDB 'Box2D.pdb' was not found with 'Box2D.lib(b2Joint.obj)' or at 'E:\MDS Work\SecondSemester\GD2P02\programs\SFML-Box2D-Tutorials-master\Box2D\Debug Draw_Renderer\Visual Studio (Windows)\SFML & Box2D Template\Debug\Box2D.pdb'; linking object as if no debug info
Box2D.lib(b2MotorJoint.obj) : warning LNK4099: PDB 'Box2D.pdb' was not found with 'Box2D.lib(b2MotorJoint.obj)' or at 'E:\MDS Work\SecondSemester\GD2P02\programs\SFML-Box2D-Tutorials-master\Box2D\Debug Draw_Renderer\Visual Studio (Windows)\SFML & Box2D Template\Debug\Box2D.pdb'; linking object as if no debug info
Box2D.lib(b2MouseJoint.obj) : warning LNK4099: PDB 'Box2D.pdb' was not found with 'Box2D.lib(b2MouseJoint.obj)' or at 'E:\MDS Work\SecondSemester\GD2P02\programs\SFML-Box2D-Tutorials-master\Box2D\Debug Draw_Renderer\Visual Studio (Windows)\SFML & Box2D Template\Debug\Box2D.pdb'; linking object as if no debug info
Box2D.lib(b2PrismaticJoint.obj) : warning LNK4099: PDB 'Box2D.pdb' was not found with 'Box2D.lib(b2PrismaticJoint.obj)' or at 'E:\MDS Work\SecondSemester\GD2P02\programs\SFML-Box2D-Tutorials-master\Box2D\Debug Draw_Renderer\Visual Studio (Windows)\SFML & Box2D Template\Debug\Box2D.pdb'; linking object as if no debug info
Box2D.lib(b2PulleyJoint.obj) : warning LNK4099: PDB 'Box2D.pdb' was not found with 'Box2D.lib(b2PulleyJoint.obj)' or at 'E:\MDS Work\SecondSemester\GD2P02\programs\SFML-Box2D-Tutorials-master\Box2D\Debug Draw_Renderer\Visual Studio (Windows)\SFML & Box2D Template\Debug\Box2D.pdb'; linking object as if no debug info
Box2D.lib(b2RevoluteJoint.obj) : warning LNK4099: PDB 'Box2D.pdb' was not found with 'Box2D.lib(b2RevoluteJoint.obj)' or at 'E:\MDS Work\SecondSemester\GD2P02\programs\SFML-Box2D-Tutorials-master\Box2D\Debug Draw_Renderer\Visual Studio (Windows)\SFML & Box2D Template\Debug\Box2D.pdb'; linking object as if no debug info
Box2D.lib(b2RopeJoint.obj) : warning LNK4099: PDB 'Box2D.pdb' was not found with 'Box2D.lib(b2RopeJoint.obj)' or at 'E:\MDS Work\SecondSemester\GD2P02\programs\SFML-Box2D-Tutorials-master\Box2D\Debug Draw_Renderer\Visual Studio (Windows)\SFML & Box2D Template\Debug\Box2D.pdb'; linking object as if no debug info
Box2D.lib(b2WeldJoint.obj) : warning LNK4099: PDB 'Box2D.pdb' was not found with 'Box2D.lib(b2WeldJoint.obj)' or at 'E:\MDS Work\SecondSemester\GD2P02\programs\SFML-Box2D-Tutorials-master\Box2D\Debug Draw_Renderer\Visual Studio (Windows)\SFML & Box2D Template\Debug\Box2D.pdb'; linking object as if no debug info
Box2D.lib(b2WheelJoint.obj) : warning LNK4099: PDB 'Box2D.pdb' was not found with 'Box2D.lib(b2WheelJoint.obj)' or at 'E:\MDS Work\SecondSemester\GD2P02\programs\SFML-Box2D-Tutorials-master\Box2D\Debug Draw_Renderer\Visual Studio (Windows)\SFML & Box2D Template\Debug\Box2D.pdb'; linking object as if no debug info
  SFML Template.vcxproj -> E:\MDS Work\SecondSemester\GD2P02\programs\SFML-Box2D-Tutorials-master\Box2D\Debug Draw_Renderer\Visual Studio (Windows)\SFML & Box2D Template\Debug\SFML Template.exe
